<?xml version="1.0" encoding="UTF-8"?>
<!-- Generated by org.testng.reporters.JUnitReportReporter -->
<testsuite hostname="DESKTOP-JU1I7EE" failures="0" tests="1" name="test_scripts.GuestUser" time="18.952" errors="0" timestamp="2024-07-26T13:01:35 IST" skipped="0">
  <testcase classname="test_scripts.GuestUser" name="guestUser" time="18.952"/>
  <system-out/>
</testsuite> <!-- test_scripts.GuestUser -->
