<?xml version="1.0" encoding="UTF-8"?>
<!-- Generated by org.testng.reporters.JUnitReportReporter -->
<testsuite hostname="DESKTOP-JU1I7EE" failures="0" tests="1" name="TestNGPractice" time="11.099" errors="0" timestamp="2024-07-03T08:00:50 IST" skipped="0">
  <testcase classname="TestNGPractice" name="sample" time="11.099"/>
  <system-out>
    <![CDATA[Chrome Driver launch Susccessfully
Browser window is maximized succefully]]>
  </system-out>
</testsuite> <!-- TestNGPractice -->
