<?xml version="1.0" encoding="UTF-8"?>
<!-- Generated by org.testng.reporters.JUnitReportReporter -->
<testsuite hostname="DESKTOP-JU1I7EE" failures="0" tests="1" name="test_scripts.GuestUser" time="27.947" errors="0" timestamp="2024-09-03T16:45:53 IST" skipped="0">
  <testcase classname="test_scripts.GuestUser" name="guestUser" time="27.947"/>
  <system-out/>
</testsuite> <!-- test_scripts.GuestUser -->
