<?xml version="1.0" encoding="UTF-8"?>
<!-- Generated by org.testng.reporters.JUnitReportReporter -->
<testsuite hostname="DESKTOP-JU1I7EE" failures="0" tests="1" name="test_scripts.GuestUser" time="19.483" errors="0" timestamp="2024-09-03T00:35:55 IST" skipped="0">
  <testcase classname="test_scripts.GuestUser" name="guestUser" time="19.483"/>
  <system-out/>
</testsuite> <!-- test_scripts.GuestUser -->
