<?xml version="1.0" encoding="UTF-8"?>
<!-- Generated by org.testng.reporters.JUnitReportReporter -->
<testsuite hostname="DESKTOP-JU1I7EE" failures="0" tests="1" name="test_scripts.LoginUser" time="28.159" errors="0" timestamp="2024-07-26T13:06:12 IST" skipped="0">
  <testcase classname="test_scripts.LoginUser" name="login" time="28.159"/>
  <system-out/>
</testsuite> <!-- test_scripts.LoginUser -->
