<?xml version="1.0" encoding="UTF-8"?>
<!-- Generated by org.testng.reporters.JUnitReportReporter -->
<testsuite hostname="DESKTOP-JU1I7EE" failures="0" tests="1" name="TestNGPractice" time="12.747" errors="0" timestamp="2024-09-02T00:56:33 IST" skipped="0">
  <testcase classname="TestNGPractice" name="sample" time="12.747"/>
  <system-out>
    <![CDATA[Chrome Driver launch Susccessfully
Browser window is maximized succefully]]>
  </system-out>
</testsuite> <!-- TestNGPractice -->
